0 info it worked if it ends with ok
1 verbose cli [ '/home/alex/.nvm/versions/node/v6.3.1/bin/node',
1 verbose cli   '/home/alex/.nvm/versions/node/v6.3.1/bin/npm',
1 verbose cli   'run',
1 verbose cli   'lite' ]
2 info using npm@3.10.3
3 info using node@v6.3.1
4 verbose run-script [ 'prelite', 'lite', 'postlite' ]
5 info lifecycle product-management@1.0.0~prelite: product-management@1.0.0
6 silly lifecycle product-management@1.0.0~prelite: no script for prelite, continuing
7 info lifecycle product-management@1.0.0~lite: product-management@1.0.0
8 verbose lifecycle product-management@1.0.0~lite: unsafe-perm in lifecycle true
9 verbose lifecycle product-management@1.0.0~lite: PATH: /home/alex/.nvm/versions/node/v6.3.1/lib/node_modules/npm/bin/node-gyp-bin:/home/alex/dev/angular course/gettingStarted/node_modules/.bin:/home/alex/.nvm/versions/node/v6.3.1/bin:/home/alex/.nvm/versions/node/v6.3.1/lib/node_modules/npm/bin/node-gyp-bin:/home/alex/dev/angular course/gettingStarted/node_modules/.bin:/home/alex/.nvm/versions/node/v6.3.1/bin:/home/alex/.nvm/versions/node/v6.3.1/bin:/home/alex/.rvm/gems/ruby-2.3.0/bin:/home/alex/.rvm/gems/ruby-2.3.0@global/bin:/home/alex/.rvm/rubies/ruby-2.3.0/bin:/usr/local/sbin:/usr/local/bin:/usr/sbin:/usr/bin:/sbin:/bin:/usr/games:/usr/local/games:/home/alex/.rvm/bin:/home/alex/.rvm/bin:/home/alex/bin:/usr/lib/jvm/jdk1.8.0_101/bin
10 verbose lifecycle product-management@1.0.0~lite: CWD: /home/alex/dev/angular course/gettingStarted
11 silly lifecycle product-management@1.0.0~lite: Args: [ '-c', 'lite-server' ]
12 silly lifecycle product-management@1.0.0~lite: Returned: code: 134  signal: null
13 info lifecycle product-management@1.0.0~lite: Failed to exec lite script
14 verbose stack Error: product-management@1.0.0 lite: `lite-server`
14 verbose stack Exit status 134
14 verbose stack     at EventEmitter.<anonymous> (/home/alex/.nvm/versions/node/v6.3.1/lib/node_modules/npm/lib/utils/lifecycle.js:242:16)
14 verbose stack     at emitTwo (events.js:106:13)
14 verbose stack     at EventEmitter.emit (events.js:191:7)
14 verbose stack     at ChildProcess.<anonymous> (/home/alex/.nvm/versions/node/v6.3.1/lib/node_modules/npm/lib/utils/spawn.js:40:14)
14 verbose stack     at emitTwo (events.js:106:13)
14 verbose stack     at ChildProcess.emit (events.js:191:7)
14 verbose stack     at maybeClose (internal/child_process.js:852:16)
14 verbose stack     at Process.ChildProcess._handle.onexit (internal/child_process.js:215:5)
15 verbose pkgid product-management@1.0.0
16 verbose cwd /home/alex/dev/angular course/gettingStarted
17 error Linux 4.4.0-21-generic
18 error argv "/home/alex/.nvm/versions/node/v6.3.1/bin/node" "/home/alex/.nvm/versions/node/v6.3.1/bin/npm" "run" "lite"
19 error node v6.3.1
20 error npm  v3.10.3
21 error code ELIFECYCLE
22 error product-management@1.0.0 lite: `lite-server`
22 error Exit status 134
23 error Failed at the product-management@1.0.0 lite script 'lite-server'.
23 error Make sure you have the latest version of node.js and npm installed.
23 error If you do, this is most likely a problem with the product-management package,
23 error not with npm itself.
23 error Tell the author that this fails on your system:
23 error     lite-server
23 error You can get information on how to open an issue for this project with:
23 error     npm bugs product-management
23 error Or if that isn't available, you can get their info via:
23 error     npm owner ls product-management
23 error There is likely additional logging output above.
24 verbose exit [ 1, true ]
